
 *** In  parser
_______________________________________________________
 THE PROGRAM TEXT
_______________________________________________________
 testok1(input, output);  
var A, B, C: integer;

begin
A := B + C * 2  
end.
$
_______________________________________________________
 *** In  program_header
ERROR: did not find program token
 --------In match expected: id found: id
 --------In match expected: ( found: (
 --------In match expected: input found: input
 --------In match expected: , found: ,
 --------In match expected: output found: output
 --------In match expected: ) found: )
 --------In match expected: ; found: ;
 *** In var_part
 --------In match expected: var found: var
 *** In var_dec_list
 *** In var_dec
 *** In id_list
 --------In match expected: id found: id
 --------In match expected: , found: ,
 *** In id_list
 --------In match expected: id found: id
 --------In match expected: , found: ,
 *** In id_list
 --------In match expected: id found: id
 --------In match expected: : found: :
 *** In type
 --------In match expected: integer found: integer
 --------In match expected: ; found: ;
 *** In stat_part
 --------In match expected: begin found: begin
 *** In stat_list
 *** In stat
 *** In assign_stat
 --------In match expected: id found: id
 --------In match expected: := found: :=
 *** In expr
 *** In term
 *** In factor
 *** In operand
 --------In match expected: id found: id
 --------In match expected: + found: +
 *** In expr
 *** In term
 *** In factor
 *** In operand
 --------In match expected: id found: id
 --------In match expected: * found: *
 *** In term
 *** In factor
 *** In operand
 --------In match expected: id found: id
 --------In match expected: end found: end
 --------In match expected: . found: .
________________________________________________________
 THE SYMBOL TABLE
________________________________________________________
       NAME       ROLE       TYPE      SIZE      ADDR    
________________________________________________________
    testok1    program    program        12         0
          A        var    integer         4         0
          B        var    integer         4         4
          C        var    integer         4         8
________________________________________________________
 STATIC STORAGE REQUIRED is 12 BYTES
________________________________________________________
 
 Parse Failed! 
